2022-04-11 23:55:08,392 - INFO - Experiment set up.
2022-04-11 23:55:08,404 - INFO - =====TRAIN=====
2022-04-11 23:55:57,829 - INFO - Epoch: 0 Loss: 1.3034
2022-04-11 23:56:53,354 - INFO - Epoch: 0 Loss: 0.1580
2022-04-11 23:58:12,019 - INFO - Epoch: 0 Loss: 0.2784
2022-04-11 23:59:30,975 - INFO - Epoch: 0 Loss: 0.1218
2022-04-12 00:00:51,417 - INFO - Epoch: 0 Loss: 0.1314
2022-04-12 00:02:10,391 - INFO - Epoch: 0 Loss: 0.0602
2022-04-12 00:02:42,216 - INFO - VALIDATE
2022-04-12 00:06:30,944 - INFO - Epoch: 0 Loss: 0.1109
2022-04-12 00:06:31,092 - INFO - =====TRAIN=====
2022-04-12 00:06:51,412 - INFO - Epoch: 1 Loss: 0.1740
2022-04-12 00:08:12,195 - INFO - Epoch: 1 Loss: 0.1262
2022-04-12 00:09:31,379 - INFO - Epoch: 1 Loss: 0.0803
2022-04-12 00:10:50,313 - INFO - Epoch: 1 Loss: 0.2065
2022-04-12 00:12:09,906 - INFO - Epoch: 1 Loss: 0.0481
2022-04-12 00:13:27,955 - INFO - Epoch: 1 Loss: 0.0409
2022-04-12 00:13:59,147 - INFO - VALIDATE
2022-04-12 00:17:50,639 - INFO - Epoch: 1 Loss: 0.0935
2022-04-12 00:17:50,776 - INFO - =====TRAIN=====
2022-04-12 00:18:11,568 - INFO - Epoch: 2 Loss: 0.1627
2022-04-12 00:19:32,280 - INFO - Epoch: 2 Loss: 0.0856
2022-04-12 00:20:53,238 - INFO - Epoch: 2 Loss: 0.3189
2022-04-12 00:22:13,418 - INFO - Epoch: 2 Loss: 0.0573
2022-04-12 00:23:33,673 - INFO - Epoch: 2 Loss: 0.1328
2022-04-12 00:24:54,921 - INFO - Epoch: 2 Loss: 0.1980
2022-04-12 00:25:26,741 - INFO - VALIDATE
2022-04-12 00:29:11,541 - INFO - Epoch: 2 Loss: 0.0868
2022-04-12 00:29:11,675 - INFO - =====TRAIN=====
2022-04-12 00:29:32,007 - INFO - Epoch: 3 Loss: 0.0740
2022-04-12 00:30:50,045 - INFO - Epoch: 3 Loss: 0.0412
2022-04-12 00:32:08,437 - INFO - Epoch: 3 Loss: 0.0567
2022-04-12 00:33:27,121 - INFO - Epoch: 3 Loss: 0.1040
2022-04-12 00:34:45,700 - INFO - Epoch: 3 Loss: 0.0854
2022-04-12 00:36:04,228 - INFO - Epoch: 3 Loss: 0.0464
2022-04-12 00:36:35,611 - INFO - VALIDATE
2022-04-12 00:40:23,538 - INFO - Epoch: 3 Loss: 0.0663
2022-04-12 00:40:23,680 - INFO - =====TRAIN=====
2022-04-12 00:40:44,022 - INFO - Epoch: 4 Loss: 0.0755
2022-04-12 00:42:03,776 - INFO - Epoch: 4 Loss: 0.0807
2022-04-12 00:43:23,947 - INFO - Epoch: 4 Loss: 0.0346
2022-04-12 00:44:43,593 - INFO - Epoch: 4 Loss: 0.1775
2022-04-12 00:46:02,830 - INFO - Epoch: 4 Loss: 0.0613
2022-04-12 00:47:22,593 - INFO - Epoch: 4 Loss: 0.0715
2022-04-12 00:47:54,901 - INFO - VALIDATE
2022-04-12 00:51:43,244 - INFO - Epoch: 4 Loss: 0.0687
2022-04-12 00:51:43,377 - INFO - =====TRAIN=====
2022-04-12 00:52:03,808 - INFO - Epoch: 5 Loss: 0.0525
2022-04-12 00:53:24,146 - INFO - Epoch: 5 Loss: 0.0255
2022-04-12 00:54:44,082 - INFO - Epoch: 5 Loss: 0.1486
2022-04-12 00:56:03,446 - INFO - Epoch: 5 Loss: 0.0737
2022-04-12 00:57:22,997 - INFO - Epoch: 5 Loss: 0.0454
2022-04-12 00:58:42,579 - INFO - Epoch: 5 Loss: 0.0827
2022-04-12 00:59:14,528 - INFO - VALIDATE
2022-04-12 01:03:04,585 - INFO - Epoch: 5 Loss: 0.0623
2022-04-12 01:03:04,731 - INFO - =====TRAIN=====
2022-04-12 01:03:25,426 - INFO - Epoch: 6 Loss: 0.0007
2022-04-12 01:04:45,380 - INFO - Epoch: 6 Loss: 0.0669
2022-04-12 01:06:05,309 - INFO - Epoch: 6 Loss: 0.1269
2022-04-12 01:07:24,839 - INFO - Epoch: 6 Loss: 0.1330
2022-04-12 01:08:44,485 - INFO - Epoch: 6 Loss: 0.0473
2022-04-12 01:10:03,462 - INFO - Epoch: 6 Loss: 0.0766
2022-04-12 01:10:35,506 - INFO - VALIDATE
2022-04-12 01:14:22,487 - INFO - Epoch: 6 Loss: 0.0619
2022-04-12 01:14:22,628 - INFO - =====TRAIN=====
2022-04-12 01:14:43,648 - INFO - Epoch: 7 Loss: 0.0843
2022-04-12 01:16:03,293 - INFO - Epoch: 7 Loss: 0.0527
2022-04-12 01:17:22,119 - INFO - Epoch: 7 Loss: 0.0694
2022-04-12 01:18:41,756 - INFO - Epoch: 7 Loss: 0.0568
2022-04-12 01:20:01,276 - INFO - Epoch: 7 Loss: 0.0135
2022-04-12 01:21:21,423 - INFO - Epoch: 7 Loss: 0.0173
2022-04-12 01:21:53,063 - INFO - VALIDATE
2022-04-12 01:25:39,663 - INFO - Epoch: 7 Loss: 0.0816
2022-04-12 01:25:39,807 - INFO - =====TRAIN=====
2022-04-12 01:26:00,235 - INFO - Epoch: 8 Loss: 0.0248
2022-04-12 01:27:20,959 - INFO - Epoch: 8 Loss: 0.0627
2022-04-12 01:28:41,017 - INFO - Epoch: 8 Loss: 0.0751
2022-04-12 01:30:00,647 - INFO - Epoch: 8 Loss: 0.1348
2022-04-12 01:31:20,290 - INFO - Epoch: 8 Loss: 0.0209
2022-04-12 01:32:39,508 - INFO - Epoch: 8 Loss: 0.1241
2022-04-12 01:33:11,736 - INFO - VALIDATE
2022-04-12 01:36:57,583 - INFO - Epoch: 8 Loss: 0.0424
2022-04-12 01:36:57,723 - INFO - =====TRAIN=====
2022-04-12 01:37:18,291 - INFO - Epoch: 9 Loss: 0.0295
2022-04-12 01:38:38,637 - INFO - Epoch: 9 Loss: 0.0448
2022-04-12 01:39:59,014 - INFO - Epoch: 9 Loss: 0.0631
2022-04-12 01:41:18,687 - INFO - Epoch: 9 Loss: 0.0901
2022-04-12 01:42:38,199 - INFO - Epoch: 9 Loss: 0.0021
2022-04-12 01:43:57,792 - INFO - Epoch: 9 Loss: 0.2269
2022-04-12 01:44:29,118 - INFO - VALIDATE
2022-04-12 01:48:17,212 - INFO - Epoch: 9 Loss: 0.0889
2022-04-12 01:48:17,353 - INFO - =====TRAIN=====
2022-04-12 01:48:37,844 - INFO - Epoch: 10 Loss: 0.0557
2022-04-12 01:49:57,695 - INFO - Epoch: 10 Loss: 0.2051
2022-04-12 01:51:17,812 - INFO - Epoch: 10 Loss: 0.0448
2022-04-12 01:52:36,449 - INFO - Epoch: 10 Loss: 0.1027
2022-04-12 01:53:55,981 - INFO - Epoch: 10 Loss: 0.0065
2022-04-12 01:55:14,925 - INFO - Epoch: 10 Loss: 0.0646
2022-04-12 01:55:46,677 - INFO - VALIDATE
2022-04-12 01:59:34,788 - INFO - Epoch: 10 Loss: 0.0491
2022-04-12 01:59:34,934 - INFO - =====TRAIN=====
2022-04-12 01:59:55,305 - INFO - Epoch: 11 Loss: 0.0060
2022-04-12 02:01:15,195 - INFO - Epoch: 11 Loss: 0.0571
2022-04-12 02:02:32,771 - INFO - Epoch: 11 Loss: 0.1150
2022-04-12 02:03:51,473 - INFO - Epoch: 11 Loss: 0.0652
2022-04-12 02:05:10,134 - INFO - Epoch: 11 Loss: 0.0530
2022-04-12 02:06:29,524 - INFO - Epoch: 11 Loss: 0.0123
2022-04-12 02:07:01,050 - INFO - VALIDATE
2022-04-12 02:10:47,603 - INFO - Epoch: 11 Loss: 0.0485
2022-04-12 02:10:47,748 - INFO - =====TRAIN=====
2022-04-12 02:11:08,869 - INFO - Epoch: 12 Loss: 0.0562
2022-04-12 02:12:30,391 - INFO - Epoch: 12 Loss: 0.0371
2022-04-12 02:13:51,300 - INFO - Epoch: 12 Loss: 0.0382
2022-04-12 02:15:11,752 - INFO - Epoch: 12 Loss: 0.0689
2022-04-12 02:16:31,592 - INFO - Epoch: 12 Loss: 0.0573
2022-04-12 02:17:51,980 - INFO - Epoch: 12 Loss: 0.0431
2022-04-12 02:18:24,007 - INFO - VALIDATE
2022-04-12 02:22:12,440 - INFO - Epoch: 12 Loss: 0.0339
2022-04-12 02:22:12,588 - INFO - =====TRAIN=====
2022-04-12 02:22:33,080 - INFO - Epoch: 13 Loss: 0.0942
2022-04-12 02:23:55,392 - INFO - Epoch: 13 Loss: 0.1709
2022-04-12 02:25:16,389 - INFO - Epoch: 13 Loss: 0.1080
2022-04-12 02:26:35,981 - INFO - Epoch: 13 Loss: 0.1105
2022-04-12 02:27:56,042 - INFO - Epoch: 13 Loss: 0.0490
2022-04-12 02:29:16,337 - INFO - Epoch: 13 Loss: 0.0706
2022-04-12 02:29:48,539 - INFO - VALIDATE
2022-04-12 02:33:35,260 - INFO - Epoch: 13 Loss: 0.0625
2022-04-12 02:33:35,416 - INFO - =====TRAIN=====
2022-04-12 02:33:56,125 - INFO - Epoch: 14 Loss: 0.0500
2022-04-12 02:35:16,555 - INFO - Epoch: 14 Loss: -0.0158
2022-04-12 02:36:36,798 - INFO - Epoch: 14 Loss: -0.0119
2022-04-12 02:37:57,132 - INFO - Epoch: 14 Loss: -0.0510
2022-04-12 02:39:16,894 - INFO - Epoch: 14 Loss: 0.0321
2022-04-12 02:40:35,010 - INFO - Epoch: 14 Loss: 0.1374
2022-04-12 02:41:07,129 - INFO - VALIDATE
2022-04-12 02:44:56,333 - INFO - Epoch: 14 Loss: 0.0754
2022-04-12 02:44:56,481 - INFO - =====TRAIN=====
2022-04-12 02:45:17,069 - INFO - Epoch: 15 Loss: 0.0540
2022-04-12 02:46:37,650 - INFO - Epoch: 15 Loss: 0.0447
2022-04-12 02:47:58,226 - INFO - Epoch: 15 Loss: 0.0106
2022-04-12 02:49:17,560 - INFO - Epoch: 15 Loss: 0.0411
2022-04-12 02:50:37,388 - INFO - Epoch: 15 Loss: 0.0149
2022-04-12 02:51:57,084 - INFO - Epoch: 15 Loss: 0.1341
2022-04-12 02:52:28,926 - INFO - VALIDATE
2022-04-12 02:56:18,195 - INFO - Epoch: 15 Loss: 0.0552
2022-04-12 02:56:18,350 - INFO - =====TRAIN=====
2022-04-12 02:56:38,797 - INFO - Epoch: 16 Loss: 0.0811
2022-04-12 02:57:58,450 - INFO - Epoch: 16 Loss: 0.0785
2022-04-12 02:59:18,637 - INFO - Epoch: 16 Loss: 0.0612
2022-04-12 03:00:38,496 - INFO - Epoch: 16 Loss: 0.0344
2022-04-12 03:01:57,379 - INFO - Epoch: 16 Loss: 0.0431
2022-04-12 03:03:17,240 - INFO - Epoch: 16 Loss: -0.0370
2022-04-12 03:03:49,302 - INFO - VALIDATE
2022-04-12 03:07:39,496 - INFO - Epoch: 16 Loss: 0.0559
2022-04-12 03:07:39,654 - INFO - =====TRAIN=====
2022-04-12 03:08:00,509 - INFO - Epoch: 17 Loss: -0.0234
2022-04-12 03:09:22,814 - INFO - Epoch: 17 Loss: -0.0186
2022-04-12 03:10:45,012 - INFO - Epoch: 17 Loss: 0.0399
2022-04-12 03:12:07,690 - INFO - Epoch: 17 Loss: 0.0058
2022-04-12 03:13:30,101 - INFO - Epoch: 17 Loss: 0.0794
2022-04-12 03:14:53,686 - INFO - Epoch: 17 Loss: 0.0315
2022-04-12 03:15:28,590 - INFO - VALIDATE
2022-04-12 03:19:23,390 - INFO - Epoch: 17 Loss: 0.0432
2022-04-12 03:19:23,557 - INFO - =====TRAIN=====
2022-04-12 03:19:47,268 - INFO - Epoch: 18 Loss: 0.0722
2022-04-12 03:21:15,706 - INFO - Epoch: 18 Loss: 0.0912
2022-04-12 03:22:45,330 - INFO - Epoch: 18 Loss: 0.0347
2022-04-12 03:24:16,471 - INFO - Epoch: 18 Loss: 0.0296
2022-04-12 03:25:38,350 - INFO - Epoch: 18 Loss: 0.1797
2022-04-12 03:27:00,223 - INFO - Epoch: 18 Loss: 0.0420
2022-04-12 03:27:31,453 - INFO - VALIDATE
2022-04-12 03:31:30,235 - INFO - Epoch: 18 Loss: 0.0266
2022-04-12 03:31:30,387 - INFO - =====TRAIN=====
2022-04-12 03:31:53,157 - INFO - Epoch: 19 Loss: 0.0446
2022-04-12 03:33:20,671 - INFO - Epoch: 19 Loss: 0.0931
2022-04-12 03:34:46,411 - INFO - Epoch: 19 Loss: -0.0039
2022-04-12 03:36:18,317 - INFO - Epoch: 19 Loss: -0.0093
2022-04-12 03:37:44,438 - INFO - Epoch: 19 Loss: 0.1361
2022-04-12 03:39:16,550 - INFO - Epoch: 19 Loss: 0.1207
2022-04-12 03:39:53,361 - INFO - VALIDATE
2022-04-12 03:43:51,517 - INFO - Epoch: 19 Loss: 0.0294
2022-04-12 03:43:51,685 - INFO - Experiment ended. Checkpoints stored =)
